https://bimface.com/
https://www.desmos.com/calculator?lang=zh-CN
https://gitee.com/
https://github.com/
https://sso.glodon.com/cas/login?service=https%3A%2F%2Fbars.glodon.com%2Fapis%2Flogin#/data/worker/records/
https://pm.glodon.com/newjira/secure/RapidBoard.jspa?rapidView=4926&selectedIssue=BIMFACE-20361&quickFilter=45512
https://stackoverflow.com/
https://leetcode.com/
https://juejin.cn/
https://www.cnblogs.com/
https://www.csdn.net/
https://www.v2ex.com/
https://www.zhihu.com/
https://www.runoob.com/
https://segmentfault.com/
https://www.reddit.com/r/programming/
https://www.oschina.net/
https://www.sioe.cn/yingyong/yanse-rgb-16/
http://127.0.0.1:5505/view/plane/indexEarth%E6%B5%8B%E8%AF%95.html
https://fanyi.youdao.com/